<?xml version="1.0" encoding="UTF-8"?>
<testsuite name="com.ecommerce.paymentservice.PaymentServiceApplicationTests" tests="1" skipped="0" failures="0" errors="0" timestamp="2025-10-08T17:09:59.095Z" hostname="ASUS-SOFTSHOP" time="2.093">
  <properties/>
  <testcase name="contextLoads()" classname="com.ecommerce.paymentservice.PaymentServiceApplicationTests" time="2.093"/>
  <system-out><![CDATA[14:09:29.026 [Test worker] INFO org.springframework.test.context.support.AnnotationConfigContextLoaderUtils -- Could not detect default configuration classes for test class [com.ecommerce.paymentservice.PaymentServiceApplicationTests]: PaymentServiceApplicationTests does not declare any static, non-private, non-final, nested classes annotated with @Configuration.
14:09:29.486 [Test worker] INFO org.springframework.boot.test.context.SpringBootTestContextBootstrapper -- Found @SpringBootConfiguration com.ecommerce.paymentservice.PaymentServiceApplication for test class com.ecommerce.paymentservice.PaymentServiceApplicationTests

  .   ____          _            __ _ _
 /\\ / ___'_ __ _ _(_)_ __  __ _ \ \ \ \
( ( )\___ | '_ | '_| | '_ \/ _` | \ \ \ \
 \\/  ___)| |_)| | | | | || (_| |  ) ) ) )
  '  |____| .__|_| |_|_| |_\__, | / / / /
 =========|_|==============|___/=/_/_/_/

 :: Spring Boot ::                (v3.5.6)

2025-10-08T14:09:31.585-03:00  INFO 4436 --- [payment-service] [    Test worker] c.e.p.PaymentServiceApplicationTests     : Starting PaymentServiceApplicationTests using Java 17.0.16 with PID 4436 (started by Softshop in C:\Users\Softshop\IdeaProjects\payment-service)
2025-10-08T14:09:31.587-03:00  INFO 4436 --- [payment-service] [    Test worker] c.e.p.PaymentServiceApplicationTests     : No active profile set, falling back to 1 default profile: "default"
2025-10-08T14:09:41.418-03:00  INFO 4436 --- [payment-service] [    Test worker] .s.d.r.c.RepositoryConfigurationDelegate : Bootstrapping Spring Data JPA repositories in DEFAULT mode.
2025-10-08T14:09:41.824-03:00  INFO 4436 --- [payment-service] [    Test worker] .s.d.r.c.RepositoryConfigurationDelegate : Finished Spring Data repository scanning in 360 ms. Found 1 JPA repository interface.
2025-10-08T14:09:45.555-03:00  INFO 4436 --- [payment-service] [    Test worker] o.hibernate.jpa.internal.util.LogHelper  : HHH000204: Processing PersistenceUnitInfo [name: default]
2025-10-08T14:09:46.143-03:00  INFO 4436 --- [payment-service] [    Test worker] org.hibernate.Version                    : HHH000412: Hibernate ORM core version 6.6.29.Final
2025-10-08T14:09:46.495-03:00  INFO 4436 --- [payment-service] [    Test worker] o.h.c.internal.RegionFactoryInitiator    : HHH000026: Second-level cache disabled
2025-10-08T14:09:48.474-03:00  INFO 4436 --- [payment-service] [    Test worker] o.s.o.j.p.SpringPersistenceUnitInfo      : No LoadTimeWeaver setup: ignoring JPA class transformer
2025-10-08T14:09:48.582-03:00  INFO 4436 --- [payment-service] [    Test worker] com.zaxxer.hikari.HikariDataSource       : HikariPool-1 - Starting...
2025-10-08T14:09:49.254-03:00  INFO 4436 --- [payment-service] [    Test worker] com.zaxxer.hikari.pool.HikariPool        : HikariPool-1 - Added connection conn0: url=jdbc:h2:mem:paymentdb user=SA
2025-10-08T14:09:49.258-03:00  INFO 4436 --- [payment-service] [    Test worker] com.zaxxer.hikari.HikariDataSource       : HikariPool-1 - Start completed.
2025-10-08T14:09:49.425-03:00  INFO 4436 --- [payment-service] [    Test worker] org.hibernate.orm.connections.pooling    : HHH10001005: Database info:
	Database JDBC URL [Connecting through datasource 'HikariDataSource (HikariPool-1)']
	Database driver: undefined/unknown
	Database version: 2.3.232
	Autocommit mode: undefined/unknown
	Isolation level: undefined/unknown
	Minimum pool size: undefined/unknown
	Maximum pool size: undefined/unknown
2025-10-08T14:09:52.066-03:00  INFO 4436 --- [payment-service] [    Test worker] o.h.e.t.j.p.i.JtaPlatformInitiator       : HHH000489: No JTA platform available (set 'hibernate.transaction.jta.platform' to enable JTA platform integration)
Hibernate: create table payments (id bigint generated by default as identity, amount float(53), order_id bigint, payment_date timestamp(6), status varchar(255), primary key (id))
2025-10-08T14:09:52.396-03:00  INFO 4436 --- [payment-service] [    Test worker] j.LocalContainerEntityManagerFactoryBean : Initialized JPA EntityManagerFactory for persistence unit 'default'
2025-10-08T14:09:55.225-03:00  WARN 4436 --- [payment-service] [    Test worker] JpaBaseConfiguration$JpaWebConfiguration : spring.jpa.open-in-view is enabled by default. Therefore, database queries may be performed during view rendering. Explicitly configure spring.jpa.open-in-view to disable this warning
2025-10-08T14:09:58.288-03:00  INFO 4436 --- [payment-service] [    Test worker] o.s.b.a.h2.H2ConsoleAutoConfiguration    : H2 console available at '/h2-console'. Database available at 'jdbc:h2:mem:paymentdb'
2025-10-08T14:09:58.472-03:00  INFO 4436 --- [payment-service] [    Test worker] o.s.b.a.e.web.EndpointLinksResolver      : Exposing 1 endpoint beneath base path '/actuator'
2025-10-08T14:09:58.843-03:00  INFO 4436 --- [payment-service] [    Test worker] c.e.p.PaymentServiceApplicationTests     : Started PaymentServiceApplicationTests in 28.747 seconds (process running for 33.995)
]]></system-out>
  <system-err><![CDATA[]]></system-err>
</testsuite>
