<?xml version="1.0" encoding="UTF-8"?>
<testsuite name="com.ecommerce.productservice.ProductServiceApplicationTests" tests="1" skipped="0" failures="0" errors="0" timestamp="2025-10-07T14:45:55.749Z" hostname="ASUS-SOFTSHOP" time="0.63">
  <properties/>
  <testcase name="contextLoads()" classname="com.ecommerce.productservice.ProductServiceApplicationTests" time="0.63"/>
  <system-out><![CDATA[11:45:46.126 [Test worker] INFO org.springframework.test.context.support.AnnotationConfigContextLoaderUtils -- Could not detect default configuration classes for test class [com.ecommerce.productservice.ProductServiceApplicationTests]: ProductServiceApplicationTests does not declare any static, non-private, non-final, nested classes annotated with @Configuration.
11:45:46.326 [Test worker] INFO org.springframework.boot.test.context.SpringBootTestContextBootstrapper -- Found @SpringBootConfiguration com.ecommerce.productservice.ProductServiceApplication for test class com.ecommerce.productservice.ProductServiceApplicationTests

  .   ____          _            __ _ _
 /\\ / ___'_ __ _ _(_)_ __  __ _ \ \ \ \
( ( )\___ | '_ | '_| | '_ \/ _` | \ \ \ \
 \\/  ___)| |_)| | | | | || (_| |  ) ) ) )
  '  |____| .__|_| |_|_| |_\__, | / / / /
 =========|_|==============|___/=/_/_/_/

 :: Spring Boot ::                (v3.5.6)

2025-10-07T11:45:47.500-03:00  INFO 15816 --- [product-service] [    Test worker] c.e.p.ProductServiceApplicationTests     : Starting ProductServiceApplicationTests using Java 17.0.16 with PID 15816 (started by Softshop in C:\Users\Softshop\IdeaProjects\product-service)
2025-10-07T11:45:47.500-03:00  INFO 15816 --- [product-service] [    Test worker] c.e.p.ProductServiceApplicationTests     : No active profile set, falling back to 1 default profile: "default"
2025-10-07T11:45:49.954-03:00  INFO 15816 --- [product-service] [    Test worker] .s.d.r.c.RepositoryConfigurationDelegate : Bootstrapping Spring Data JPA repositories in DEFAULT mode.
2025-10-07T11:45:50.089-03:00  INFO 15816 --- [product-service] [    Test worker] .s.d.r.c.RepositoryConfigurationDelegate : Finished Spring Data repository scanning in 114 ms. Found 1 JPA repository interface.
2025-10-07T11:45:50.875-03:00  INFO 15816 --- [product-service] [    Test worker] o.hibernate.jpa.internal.util.LogHelper  : HHH000204: Processing PersistenceUnitInfo [name: default]
2025-10-07T11:45:50.987-03:00  INFO 15816 --- [product-service] [    Test worker] org.hibernate.Version                    : HHH000412: Hibernate ORM core version 6.6.29.Final
2025-10-07T11:45:51.060-03:00  INFO 15816 --- [product-service] [    Test worker] o.h.c.internal.RegionFactoryInitiator    : HHH000026: Second-level cache disabled
2025-10-07T11:45:51.660-03:00  INFO 15816 --- [product-service] [    Test worker] o.s.o.j.p.SpringPersistenceUnitInfo      : No LoadTimeWeaver setup: ignoring JPA class transformer
2025-10-07T11:45:51.718-03:00  INFO 15816 --- [product-service] [    Test worker] com.zaxxer.hikari.HikariDataSource       : HikariPool-1 - Starting...
2025-10-07T11:45:52.048-03:00  INFO 15816 --- [product-service] [    Test worker] com.zaxxer.hikari.pool.HikariPool        : HikariPool-1 - Added connection conn0: url=jdbc:h2:mem:productdb user=SA
2025-10-07T11:45:52.050-03:00  INFO 15816 --- [product-service] [    Test worker] com.zaxxer.hikari.HikariDataSource       : HikariPool-1 - Start completed.
2025-10-07T11:45:52.174-03:00  INFO 15816 --- [product-service] [    Test worker] org.hibernate.orm.connections.pooling    : HHH10001005: Database info:
	Database JDBC URL [Connecting through datasource 'HikariDataSource (HikariPool-1)']
	Database driver: undefined/unknown
	Database version: 2.3.232
	Autocommit mode: undefined/unknown
	Isolation level: undefined/unknown
	Minimum pool size: undefined/unknown
	Maximum pool size: undefined/unknown
2025-10-07T11:45:53.265-03:00  INFO 15816 --- [product-service] [    Test worker] o.h.e.t.j.p.i.JtaPlatformInitiator       : HHH000489: No JTA platform available (set 'hibernate.transaction.jta.platform' to enable JTA platform integration)
Hibernate: create table products (id bigint generated by default as identity, category varchar(255), name varchar(255), price float(53), stock integer, primary key (id))
2025-10-07T11:45:53.333-03:00  INFO 15816 --- [product-service] [    Test worker] j.LocalContainerEntityManagerFactoryBean : Initialized JPA EntityManagerFactory for persistence unit 'default'
2025-10-07T11:45:54.301-03:00  WARN 15816 --- [product-service] [    Test worker] JpaBaseConfiguration$JpaWebConfiguration : spring.jpa.open-in-view is enabled by default. Therefore, database queries may be performed during view rendering. Explicitly configure spring.jpa.open-in-view to disable this warning
2025-10-07T11:45:55.447-03:00  INFO 15816 --- [product-service] [    Test worker] o.s.b.a.h2.H2ConsoleAutoConfiguration    : H2 console available at '/h2-console'. Database available at 'jdbc:h2:mem:productdb'
2025-10-07T11:45:55.492-03:00  INFO 15816 --- [product-service] [    Test worker] o.s.b.a.e.web.EndpointLinksResolver      : Exposing 1 endpoint beneath base path '/actuator'
2025-10-07T11:45:55.615-03:00  INFO 15816 --- [product-service] [    Test worker] c.e.p.ProductServiceApplicationTests     : Started ProductServiceApplicationTests in 8.897 seconds (process running for 11.233)
]]></system-out>
  <system-err><![CDATA[]]></system-err>
</testsuite>
